/home/nragu/opt/anaconda3/envs/tsuML/lib/python3.10/site-packages/numpy/core/fromnumeric.py:3432: RuntimeWarning: Mean of empty slice.
  return _methods._mean(a, axis=axis, dtype=dtype,
/home/nragu/opt/anaconda3/envs/tsuML/lib/python3.10/site-packages/numpy/core/_methods.py:190: RuntimeWarning: invalid value encountered in double_scalars
  ret = ret.dtype.type(ret / rcount)
(1212, 5, 480)
Average validation loss: 0.02564 for zdim = 10
.015 for 20
.005 for 30
.00691 for 40
0.00607 for 50
0.0054 for 60


Average validation loss: nan for zdim = 20
Average validation loss: nan for zdim = 30
Average validation loss: nan for zdim = 40
Average validation loss: nan for zdim = 50
Average validation loss: nan for zdim = 60
Average validation loss: nan for zdim = 70
Average validation loss: nan for zdim = 80
Average validation loss: nan for zdim = 90
Average validation loss: nan for zdim = 100
